<?xml version="1.0" encoding="UTF-8"?>
<!-- Generated by org.testng.reporters.JUnitReportReporter -->
<testsuite hostname="Lenovo-PC" name="com.info.datadrivenTest.Lognfun" tests="1" failures="0" timestamp="5 Jun 2020 18:08:18 GMT" time="65.680" errors="0">
  <testcase name="Testloginfun" time="65.680" classname="com.info.datadrivenTest.Lognfun"/>
</testsuite> <!-- com.info.datadrivenTest.Lognfun -->
