<?xml version="1.0" encoding="UTF-8"?>
<!-- Generated by org.testng.reporters.JUnitReportReporter -->
<testsuite hostname="Lenovo-PC" name="com.info.datadrivenTest.Lognfun" tests="1" failures="0" timestamp="5 Jun 2020 17:53:07 GMT" time="67.138" errors="0">
  <testcase name="Testloginfun" time="67.138" classname="com.info.datadrivenTest.Lognfun"/>
</testsuite> <!-- com.info.datadrivenTest.Lognfun -->
